2025-05-07 16:38:08.626 | INFO     | __main__:<module>:41 - Logger loaded.
2025-05-07 16:38:08.626 | INFO     | __main__:main:139 - START main() in utils_case.py
2025-05-07 16:38:08.627 | INFO     | __main__:main:142 - Byline:

---------------------------------------------------------
Stellar Analytics: Delivering Professional Insights
---------------------------------------------------------
Has International Clients:  True
Years in Operation:         10
Skills Offered:             ['Data Analysis', 'Machine Learning', 'Business Intelligence']
Client Satisfaction Scores: [4.8, 4.6, 4.9, 5.0, 4.7]
Minimum Satisfaction Score: 4.6
Maximum Satisfaction Score: 5.0
Mean Satisfaction Score: 4.80
Standard Deviation of Satisfaction Scores: 0.16

2025-05-07 16:38:42.978 | INFO     | __main__:main:148 - END main() in utils_case.py
2025-05-07 16:39:40.586 | INFO     | __main__:<module>:41 - Logger loaded.
2025-05-07 16:39:40.586 | INFO     | __main__:main:139 - START main() in utils_case.py
2025-05-07 16:39:40.587 | INFO     | __main__:main:142 - Byline:

---------------------------------------------------------
Stellar Analytics: Delivering Professional Insights
---------------------------------------------------------
Has International Clients:  True
Years in Operation:         10
Skills Offered:             ['Data Analysis', 'Machine Learning', 'Business Intelligence']
Client Satisfaction Scores: [4.8, 4.6, 4.9, 5.0, 4.7]
Minimum Satisfaction Score: 4.6
Maximum Satisfaction Score: 5.0
Mean Satisfaction Score: 4.80
Standard Deviation of Satisfaction Scores: 0.16

2025-05-07 16:40:14.650 | INFO     | __main__:main:148 - END main() in utils_case.py
